   Compiling proc-macro2 v1.0.95
   Compiling unicode-ident v1.0.18
   Compiling libc v0.2.174
   Compiling serde v1.0.219
   Compiling cfg-if v1.0.1
   Compiling smallvec v1.15.1
   Compiling memchr v2.7.5
   Compiling autocfg v1.5.0
   Compiling itoa v1.0.15
   Compiling shlex v1.3.0
   Compiling zerocopy v0.8.26
   Compiling writeable v0.6.1
   Compiling cc v1.2.30
   Compiling litemap v0.8.0
   Compiling lock_api v0.4.13
   Compiling icu_normalizer_data v2.0.0
   Compiling icu_properties_data v2.0.1
   Compiling getrandom v0.2.16
   Compiling stable_deref_trait v1.2.0
   Compiling rand_core v0.6.4
   Compiling ryu v1.0.20
   Compiling quote v1.0.40
   Compiling parking_lot_core v0.9.11
   Compiling allocator-api2 v0.2.21
   Compiling utf8_iter v1.0.4
   Compiling syn v2.0.104
   Compiling percent-encoding v2.3.1
   Compiling foldhash v0.1.5
   Compiling equivalent v1.0.2
   Compiling hashbrown v0.15.4
   Compiling form_urlencoded v1.2.1
   Compiling bytes v1.10.1
   Compiling siphasher v1.0.1
   Compiling getrandom v0.3.3
   Compiling phf_shared v0.11.3
   Compiling version_check v0.9.5
   Compiling thiserror v2.0.12
   Compiling serde_json v1.0.141
   Compiling indexmap v2.10.0
   Compiling fnv v1.0.7
   Compiling scopeguard v1.2.0
   Compiling siphasher v0.3.11
   Compiling ppv-lite86 v0.2.21
   Compiling getrandom v0.1.16
   Compiling byteorder v1.5.0
   Compiling syn v1.0.109
   Compiling parking_lot v0.12.4
   Compiling rand_chacha v0.3.1
   Compiling log v0.4.27
   Compiling thiserror v1.0.69
   Compiling typenum v1.18.0
   Compiling rand v0.8.5
   Compiling rand_core v0.5.1
   Compiling generic-array v0.14.7
   Compiling objc2-exception-helper v0.1.1
   Compiling ident_case v1.0.1
   Compiling pin-project-lite v0.2.16
   Compiling strsim v0.11.1
   Compiling rand_chacha v0.2.2
   Compiling phf_generator v0.11.3
   Compiling rand_pcg v0.2.1
   Compiling phf_shared v0.8.0
   Compiling aho-corasick v1.1.3
   Compiling proc-macro-hack v0.5.20+deprecated
   Compiling unic-common v0.9.0
   Compiling unic-char-range v0.9.0
   Compiling regex-syntax v0.8.5
   Compiling typeid v1.0.3
   Compiling unic-char-property v0.9.0
   Compiling unic-ucd-version v0.9.0
   Compiling rand v0.7.3
   Compiling phf_shared v0.10.0
   Compiling http v1.3.1
   Compiling utf-8 v0.7.6
   Compiling semver v1.0.26
   Compiling futures-core v0.3.31
   Compiling once_cell v1.21.3
   Compiling winnow v0.5.40
   Compiling alloc-no-stdlib v2.0.4
   Compiling synstructure v0.13.2
   Compiling darling_core v0.20.11
   Compiling objc2 v0.6.1
   Compiling new_debug_unreachable v1.0.6
   Compiling alloc-stdlib v0.2.2
   Compiling regex-automata v0.4.9
   Compiling phf_generator v0.8.0
   Compiling phf_generator v0.10.0
   Compiling unic-ucd-ident v0.9.0
   Compiling string_cache_codegen v0.5.4
   Compiling phf_codegen v0.11.3
   Compiling objc2-encode v4.1.0
   Compiling anyhow v1.0.98
   Compiling bitflags v1.3.2
   Compiling precomputed-hash v0.1.1
   Compiling serde_derive v1.0.219
   Compiling zerofrom-derive v0.1.6
   Compiling yoke-derive v0.8.0
   Compiling zerovec-derive v0.11.1
   Compiling displaydoc v0.2.5
   Compiling thiserror-impl v2.0.12
   Compiling thiserror-impl v1.0.69
   Compiling phf_macros v0.11.3
   Compiling darling_macro v0.20.11
   Compiling regex v1.11.1
   Compiling zerofrom v0.1.6
   Compiling darling v0.20.11
   Compiling yoke v0.8.0
   Compiling mac v0.1.1
   Compiling crossbeam-utils v0.8.21
   Compiling futf v0.1.5
   Compiling serde_with_macros v3.14.0
   Compiling zerovec v0.11.2
   Compiling zerotrie v0.2.2
   Compiling phf_macros v0.10.0
   Compiling cssparser v0.29.6
   Compiling markup5ever v0.14.1
   Compiling phf_codegen v0.8.0
   Compiling brotli-decompressor v5.0.0
   Compiling crypto-common v0.1.6
   Compiling block-buffer v0.10.4
   Compiling tinystr v0.8.1
   Compiling potential_utf v0.1.2
   Compiling icu_locale_core v2.0.0
   Compiling num-conv v0.1.0
   Compiling icu_collections v2.0.0
   Compiling same-file v1.0.6
   Compiling base64 v0.22.1
   Compiling dtoa v1.0.10
   Compiling icu_provider v2.0.0
   Compiling core-foundation-sys v0.8.7
   Compiling time-core v0.1.4
   Compiling powerfmt v0.2.0
   Compiling dtoa-short v0.3.5
   Compiling icu_properties v2.0.1
   Compiling icu_normalizer v2.0.0
   Compiling deranged v0.4.0
   Compiling brotli v8.0.1
   Compiling walkdir v2.5.0
   Compiling phf v0.10.1
   Compiling digest v0.10.7
   Compiling selectors v0.24.0
   Compiling idna_adapter v1.2.1
   Compiling uuid v1.17.0
   Compiling idna v1.0.3
   Compiling serde_spanned v0.6.9
   Compiling toml_datetime v0.6.3
   Compiling bitflags v2.9.1
   Compiling cfb v0.7.3
   Compiling url v2.5.4
   Compiling toml_edit v0.20.2
   Compiling erased-serde v0.4.6
   Compiling infer v0.19.0
   Compiling serde-untagged v0.1.7
   Compiling serde_with v3.14.0
   Compiling string_cache v0.8.9
   Compiling tendril v0.4.3
   Compiling phf v0.11.3
   Compiling ctor v0.2.9
   Compiling cssparser-macros v0.6.1
   Compiling cpufeatures v0.2.17
   Compiling indexmap v1.9.3
   Compiling matches v0.1.10
   Compiling camino v1.1.10
   Compiling dunce v1.0.5
   Compiling convert_case v0.4.0
   Compiling nodrop v0.1.14
   Compiling glob v0.3.2
   Compiling servo_arc v0.2.0
   Compiling derive_more v0.99.20
   Compiling swift-rs v1.0.7
   Compiling toml v0.8.2
   Compiling objc2-core-foundation v0.3.1
   Compiling match_token v0.1.0
   Compiling serde_derive_internals v0.29.1
   Compiling phf v0.8.0
   Compiling fxhash v0.2.1
   Compiling hashbrown v0.12.3
   Compiling schemars v0.8.22
   Compiling futures-sink v0.3.31
   Compiling html5ever v0.29.1
   Compiling jsonptr v0.6.3
   Compiling cargo-platform v0.1.9
   Compiling schemars_derive v0.8.22
   Compiling block2 v0.6.1
   Compiling socket2 v0.6.0
   Compiling mio v1.0.4
   Compiling base64 v0.21.7
   Compiling dyn-clone v1.0.20
   Compiling objc2-foundation v0.3.1
   Compiling cargo_metadata v0.19.2
   Compiling json-patch v3.0.1
   Compiling urlpattern v0.3.0
   Compiling winnow v0.7.12
   Compiling kuchikiki v0.8.8-speedreader
   Compiling serde_spanned v1.0.0
   Compiling toml_datetime v0.7.0
   Compiling ring v0.17.14
   Compiling tauri-utils v2.6.0
   Compiling num-traits v0.2.19
   Compiling toml_writer v1.0.2
   Compiling zeroize v1.8.1
   Compiling slab v0.4.10
   Compiling heck v0.5.0
   Compiling futures-io v0.3.31
   Compiling pin-utils v0.1.0
   Compiling option-ext v0.2.0
   Compiling futures-task v0.3.31
   Compiling toml_parser v1.0.1
   Compiling rustls-pki-types v1.12.0
   Compiling toml v0.9.3
   Compiling signal-hook-registry v1.4.5
   Compiling rustc_version v0.4.1
   Compiling quick-xml v0.38.0
   Compiling simd-adler32 v0.3.7
   Compiling untrusted v0.9.0
   Compiling crc32fast v1.5.0
   Compiling embed-resource v3.0.5
   Compiling dirs-sys v0.5.0
   Compiling objc2-core-graphics v0.3.1
   Compiling sha2 v0.10.9
   Compiling time v0.3.41
   Compiling iana-time-zone v0.1.63
   Compiling tracing-attributes v0.1.30
   Compiling adler2 v2.0.1
   Compiling rustls v0.23.31
   Compiling miniz_oxide v0.8.9
   Compiling dirs v6.0.0
   Compiling tauri-winres v0.3.1
   Compiling cargo_toml v0.22.3
   Compiling webpki-roots v1.0.2
   Compiling concurrent-queue v2.5.0
   Compiling time-macros v0.2.22
   Compiling tokio-macros v2.5.0
   Compiling plist v1.7.4
   Compiling vcpkg v0.2.15
   Compiling subtle v2.6.1
   Compiling crc-catalog v2.4.0
   Compiling pkg-config v0.3.32
   Compiling parking v2.2.1
   Compiling crc v3.3.0
   Compiling event-listener v5.4.0
   Compiling tokio v1.47.0
   Compiling webpki-roots v0.26.11
   Compiling flate2 v1.1.2
   Compiling rustls-webpki v0.103.4
   Compiling libsqlite3-sys v0.30.1
   Compiling fdeflate v0.3.7
   Compiling crossbeam-queue v0.3.12
   Compiling dpi v0.1.2
   Compiling either v1.15.0
   Compiling cookie v0.18.1
   Compiling hashlink v0.10.0
   Compiling raw-window-handle v0.6.2
   Compiling tauri-build v2.3.1
   Compiling png v0.17.16
   Compiling futures-util v0.3.31
   Compiling core-foundation v0.10.1
   Compiling foreign-types-macros v0.2.3
   Compiling futures-macro v0.3.31
   Compiling tracing-core v0.1.34
   Compiling objc2-core-image v0.3.1
   Compiling objc2-cloud-kit v0.3.1
   Compiling objc2-quartz-core v0.3.1
   Compiling objc2-core-data v0.3.1
   Compiling objc2-app-kit v0.3.1
   Compiling foreign-types-shared v0.3.1
   Compiling lazy_static v1.5.0
   Compiling foreign-types v0.5.0
   Compiling tokio-stream v0.1.17
   Compiling tracing v0.1.41
   Compiling core-graphics-types v0.2.0
   Compiling chrono v0.4.41
   Compiling atoi v2.0.0
   Compiling futures-channel v0.3.31
   Compiling crossbeam-channel v0.5.15
   Compiling serde_urlencoded v0.7.1
   Compiling futures-intrusive v0.5.0
   Compiling spin v0.9.8
   Compiling wry v0.52.1
   Compiling tauri-runtime v2.7.1
   Compiling signal-hook v0.3.18
   Compiling sqlx-core v0.8.6
   Compiling flume v0.11.1
   Compiling core-graphics v0.24.0
   Compiling futures-executor v0.3.31
   Compiling tauri v2.7.0
   Compiling ico v0.4.0
   Compiling tauri-plugin v2.3.1
   Compiling tauri-runtime-wry v2.7.2
   Compiling httparse v1.10.1
   Compiling unicode-segmentation v1.12.0
   Compiling dispatch v0.2.0
   Compiling keyboard-types v0.7.0
   Compiling tauri-plugin-shell v2.3.0
   Compiling tauri-codegen v2.3.1
   Compiling sqlx-sqlite v0.8.6
   Compiling serialize-to-javascript-impl v0.1.1
   Compiling os_pipe v1.2.2
   Compiling dotenvy v0.15.7
   Compiling hex v0.4.3
   Compiling sigchld v0.2.4
   Compiling tauri-macros v2.3.2
   Compiling serialize-to-javascript v0.1.1
   Compiling sqlx-macros-core v0.8.6
   Compiling sha1 v0.10.6
   Compiling serde_repr v0.1.20
   Compiling data-encoding v2.9.0
   Compiling mime v0.3.17
   Compiling overload v0.1.1
   Compiling embed_plist v1.2.2
   Compiling pathdiff v0.2.3
   Compiling nu-ansi-term v0.46.0
   Compiling open v5.3.2
   Compiling sqlx-macros v0.8.6
   Compiling tungstenite v0.24.0
   Compiling shared_child v1.1.1
   Compiling agent-hud-v4 v4.0.0 (/Users/shahin/Desktop/Projects/cc_quant/agent-hud-v4/src-tauri)
   Compiling sharded-slab v0.1.7
   Compiling tracing-log v0.2.0
   Compiling dirs-sys v0.4.1
   Compiling thread_local v1.1.9
   Compiling encoding_rs v0.8.35
   Compiling dirs v5.0.1
   Compiling tracing-subscriber v0.3.19
   Compiling tokio-tungstenite v0.24.0
   Compiling sqlx v0.8.6
   Compiling objc2-web-kit v0.3.1
   Compiling tao v0.34.0
   Compiling window-vibrancy v0.6.0
   Compiling muda v0.17.1
warning: unused import: `std::path::PathBuf`
 --> src/database.rs:2:5
  |
2 | use std::path::PathBuf;
  |     ^^^^^^^^^^^^^^^^^^
  |
  = note: `#[warn(unused_imports)]` on by default

warning: unused variable: `app`
   --> src/main.rs:177:17
    |
177 |         .setup(|app| {
    |                 ^^^ help: if this is intentional, prefix it with an underscore: `_app`
    |
    = note: `#[warn(unused_variables)]` on by default

warning: field `id` is never read
  --> src/websocket_server.rs:22:5
   |
21 | struct ClientConnection {
   |        ---------------- field in this struct
22 |     id: String,
   |     ^^
   |
   = note: `#[warn(dead_code)]` on by default

warning: struct `AgentProtocol` is never constructed
 --> src/agent_protocol.rs:5:12
  |
5 | pub struct AgentProtocol;
  |            ^^^^^^^^^^^^^

warning: associated functions `validate_message`, `create_agent_update_message`, `create_human_request_message`, and `create_response_acknowledgment` are never used
  --> src/agent_protocol.rs:8:12
   |
7  | impl AgentProtocol {
   | ------------------ associated functions in this implementation
8  |     pub fn validate_message(message: &str) -> Result<ProtocolMessage, ProtocolError> {
   |            ^^^^^^^^^^^^^^^^
...
24 |     pub fn create_agent_update_message(agent_message: &AgentMessage) -> Result<String, ProtocolError> {
   |            ^^^^^^^^^^^^^^^^^^^^^^^^^^^
...
35 |     pub fn create_human_request_message(request: &HumanInputRequest) -> Result<String, ProtocolError> {
   |            ^^^^^^^^^^^^^^^^^^^^^^^^^^^^
...
46 |     pub fn create_response_acknowledgment(response: &HumanResponse) -> Result<String, ProtocolError> {
   |            ^^^^^^^^^^^^^^^^^^^^^^^^^^^^^^

warning: variants `InvalidJson`, `MissingField`, `UnknownMessageType`, and `SerializationError` are never constructed
  --> src/agent_protocol.rs:71:5
   |
69 | pub enum ProtocolError {
   |          ------------- variants in this enum
70 |     #[error("Invalid JSON: {0}")]
71 |     InvalidJson(String),
   |     ^^^^^^^^^^^
...
74 |     MissingField(String),
   |     ^^^^^^^^^^^^
...
77 |     UnknownMessageType(String),
   |     ^^^^^^^^^^^^^^^^^^
...
80 |     SerializationError(String),
   |     ^^^^^^^^^^^^^^^^^^
   |
   = note: `ProtocolError` has a derived impl for the trait `Debug`, but this is intentionally ignored during dead code analysis

warning: `agent-hud-v4` (bin "agent-hud-v4") generated 6 warnings (run `cargo fix --bin "agent-hud-v4"` to apply 1 suggestion)
    Finished `dev` profile [unoptimized + debuginfo] target(s) in 50.02s
   Compiling proc-macro2 v1.0.95
   Compiling unicode-ident v1.0.18
   Compiling libc v0.2.174
   Compiling serde v1.0.219
   Compiling cfg-if v1.0.1
   Compiling shlex v1.3.0
   Compiling autocfg v1.5.0
   Compiling zerocopy v0.8.26
   Compiling icu_properties_data v2.0.1
   Compiling icu_normalizer_data v2.0.0
   Compiling cc v1.2.30
   Compiling stable_deref_trait v1.2.0
   Compiling memchr v2.7.5
   Compiling lock_api v0.4.13
   Compiling parking_lot_core v0.9.11
   Compiling getrandom v0.3.3
   Compiling smallvec v1.15.1
   Compiling version_check v0.9.5
   Compiling itoa v1.0.15
   Compiling thiserror v2.0.12
   Compiling siphasher v1.0.1
   Compiling typenum v1.18.0
   Compiling phf_shared v0.11.3
   Compiling quote v1.0.40
   Compiling getrandom v0.2.16
   Compiling scopeguard v1.2.0
   Compiling rand_core v0.6.4
   Compiling syn v2.0.104
   Compiling writeable v0.6.1
   Compiling litemap v0.8.0
   Compiling ryu v1.0.20
   Compiling serde_json v1.0.141
   Compiling generic-array v0.14.7
   Compiling siphasher v0.3.11
   Compiling allocator-api2 v0.2.21
   Compiling equivalent v1.0.2
   Compiling foldhash v0.1.5
   Compiling getrandom v0.1.16
   Compiling hashbrown v0.15.4
   Compiling fnv v1.0.7
   Compiling syn v1.0.109
   Compiling thiserror v1.0.69
   Compiling typeid v1.0.3
   Compiling indexmap v2.10.0
   Compiling ppv-lite86 v0.2.21
   Compiling parking_lot v0.12.4
   Compiling crossbeam-utils v0.8.21
   Compiling rand_chacha v0.3.1
   Compiling log v0.4.27
   Compiling percent-encoding v2.3.1
   Compiling rand v0.8.5
   Compiling form_urlencoded v1.2.1
   Compiling rand_core v0.5.1
   Compiling strsim v0.11.1
   Compiling ident_case v1.0.1
   Compiling utf8_iter v1.0.4
   Compiling objc2-exception-helper v0.1.1
   Compiling bytes v1.10.1
   Compiling rand_chacha v0.2.2
   Compiling rand_pcg v0.2.1
   Compiling phf_shared v0.8.0
   Compiling phf_generator v0.11.3
   Compiling proc-macro-hack v0.5.20+deprecated
   Compiling anyhow v1.0.98
   Compiling rand v0.7.3
   Compiling phf_shared v0.10.0
   Compiling semver v1.0.26
   Compiling new_debug_unreachable v1.0.6
   Compiling objc2 v0.6.1
   Compiling byteorder v1.5.0
   Compiling phf_generator v0.10.0
   Compiling string_cache_codegen v0.5.4
   Compiling phf_codegen v0.11.3
   Compiling mac v0.1.1
   Compiling phf_generator v0.8.0
   Compiling objc2-encode v4.1.0
   Compiling precomputed-hash v0.1.1
   Compiling phf_codegen v0.8.0
   Compiling futf v0.1.5
   Compiling markup5ever v0.14.1
   Compiling ring v0.17.14
   Compiling time-core v0.1.4
   Compiling synstructure v0.13.2
   Compiling darling_core v0.20.11
   Compiling num-conv v0.1.0
   Compiling dtoa v1.0.10
   Compiling bitflags v1.3.2
   Compiling utf-8 v0.7.6
   Compiling dtoa-short v0.3.5
   Compiling tendril v0.4.3
   Compiling selectors v0.24.0
   Compiling aho-corasick v1.1.3
   Compiling indexmap v1.9.3
   Compiling unic-common v0.9.0
   Compiling winnow v0.5.40
   Compiling nodrop v0.1.14
   Compiling matches v0.1.10
   Compiling convert_case v0.4.0
   Compiling camino v1.1.10
   Compiling alloc-no-stdlib v2.0.4
   Compiling regex-syntax v0.8.5
   Compiling unic-char-range v0.9.0
   Compiling unic-char-property v0.9.0
   Compiling alloc-stdlib v0.2.2
   Compiling serde_derive v1.0.219
   Compiling zerofrom-derive v0.1.6
   Compiling yoke-derive v0.8.0
   Compiling zerovec-derive v0.11.1
   Compiling displaydoc v0.2.5
   Compiling thiserror-impl v2.0.12
   Compiling thiserror-impl v1.0.69
   Compiling phf_macros v0.11.3
   Compiling darling_macro v0.20.11
   Compiling zerofrom v0.1.6
   Compiling darling v0.20.11
   Compiling yoke v0.8.0
   Compiling phf_macros v0.10.0
   Compiling serde_with_macros v3.14.0
   Compiling cssparser v0.29.6
   Compiling zerovec v0.11.2
   Compiling zerotrie v0.2.2
   Compiling phf v0.11.3
   Compiling cssparser-macros v0.6.1
   Compiling phf v0.10.1
   Compiling ctor v0.2.9
   Compiling regex-automata v0.4.9
   Compiling match_token v0.1.0
   Compiling tinystr v0.8.1
   Compiling potential_utf v0.1.2
   Compiling icu_locale_core v2.0.0
   Compiling icu_collections v2.0.0
   Compiling derive_more v0.99.20
   Compiling icu_provider v2.0.0
   Compiling icu_properties v2.0.1
   Compiling icu_normalizer v2.0.0
   Compiling servo_arc v0.2.0
   Compiling unic-ucd-version v0.9.0
   Compiling idna_adapter v1.2.1
   Compiling idna v1.0.3
   Compiling uuid v1.17.0
   Compiling bitflags v2.9.1
   Compiling url v2.5.4
   Compiling string_cache v0.8.9
   Compiling toml_datetime v0.6.3
   Compiling serde_spanned v0.6.9
   Compiling objc2-core-foundation v0.3.1
   Compiling toml_edit v0.20.2
   Compiling serde_derive_internals v0.29.1
   Compiling fxhash v0.2.1
   Compiling phf v0.8.0
   Compiling swift-rs v1.0.7
   Compiling num-traits v0.2.19
   Compiling schemars v0.8.22
   Compiling hashbrown v0.12.3
   Compiling html5ever v0.29.1
   Compiling schemars_derive v0.8.22
   Compiling jsonptr v0.6.3
   Compiling cfb v0.7.3
   Compiling cargo-platform v0.1.9
   Compiling erased-serde v0.4.6
   Compiling toml v0.8.2
   Compiling unic-ucd-ident v0.9.0
   Compiling regex v1.11.1
   Compiling brotli-decompressor v5.0.0
   Compiling block2 v0.6.1
   Compiling dyn-clone v1.0.20
   Compiling base64 v0.21.7
   Compiling crc32fast v1.5.0
   Compiling same-file v1.0.6
   Compiling base64 v0.22.1
   Compiling brotli v8.0.1
   Compiling walkdir v2.5.0
   Compiling objc2-foundation v0.3.1
   Compiling urlpattern v0.3.0
   Compiling kuchikiki v0.8.8-speedreader
   Compiling serde-untagged v0.1.7
   Compiling infer v0.19.0
   Compiling cargo_metadata v0.19.2
   Compiling json-patch v3.0.1
   Compiling serde_with v3.14.0
   Compiling http v1.3.1
   Compiling dunce v1.0.5
   Compiling winnow v0.7.12
   Compiling glob v0.3.2
   Compiling once_cell v1.21.3
   Compiling toml_datetime v0.7.0
   Compiling serde_spanned v1.0.0
   Compiling toml_writer v1.0.2
   Compiling core-foundation-sys v0.8.7
   Compiling pin-project-lite v0.2.16
   Compiling heck v0.5.0
   Compiling tauri-utils v2.6.0
   Compiling toml_parser v1.0.1
   Compiling block-buffer v0.10.4
   Compiling crypto-common v0.1.6
   Compiling toml v0.9.3
   Compiling signal-hook-registry v1.4.5
   Compiling rustls v0.23.31
   Compiling futures-core v0.3.31
   Compiling powerfmt v0.2.0
   Compiling deranged v0.4.0
   Compiling digest v0.10.7
   Compiling rustc_version v0.4.1
   Compiling cpufeatures v0.2.17
   Compiling option-ext v0.2.0
   Compiling zeroize v1.8.1
   Compiling pkg-config v0.3.32
   Compiling vcpkg v0.2.15
   Compiling rustls-pki-types v1.12.0
   Compiling dirs-sys v0.5.0
   Compiling embed-resource v3.0.5
   Compiling sha2 v0.10.9
   Compiling time v0.3.41
   Compiling objc2-core-graphics v0.3.1
   Compiling tracing-attributes v0.1.30
   Compiling libsqlite3-sys v0.30.1
   Compiling quick-xml v0.38.0
   Compiling futures-sink v0.3.31
   Compiling simd-adler32 v0.3.7
   Compiling plist v1.7.4
   Compiling tauri-winres v0.3.1
   Compiling dirs v6.0.0
   Compiling cargo_toml v0.22.3
   Compiling tokio-macros v2.5.0
   Compiling time-macros v0.2.22
   Compiling socket2 v0.6.0
   Compiling mio v1.0.4
   Compiling untrusted v0.9.0
   Compiling adler2 v2.0.1
   Compiling miniz_oxide v0.8.9
   Compiling tokio v1.47.0
   Compiling tauri-build v2.3.1
   Compiling objc2-cloud-kit v0.3.1
   Compiling objc2-core-data v0.3.1
   Compiling objc2-quartz-core v0.3.1
   Compiling objc2-core-image v0.3.1
   Compiling objc2-app-kit v0.3.1
   Compiling dpi v0.1.2
   Compiling cookie v0.18.1
   Compiling raw-window-handle v0.6.2
   Compiling futures-io v0.3.31
   Compiling slab v0.4.10
   Compiling futures-task v0.3.31
   Compiling pin-utils v0.1.0
   Compiling futures-util v0.3.31
   Compiling iana-time-zone v0.1.63
   Compiling flate2 v1.1.2
   Compiling rustls-webpki v0.103.4
   Compiling tracing-core v0.1.34
   Compiling concurrent-queue v2.5.0
   Compiling fdeflate v0.3.7
   Compiling webpki-roots v1.0.2
   Compiling core-foundation v0.10.1
   Compiling foreign-types-macros v0.2.3
   Compiling futures-macro v0.3.31
   Compiling subtle v2.6.1
   Compiling crc-catalog v2.4.0
   Compiling parking v2.2.1
   Compiling lazy_static v1.5.0
   Compiling foreign-types-shared v0.3.1
   Compiling foreign-types v0.5.0
   Compiling event-listener v5.4.0
   Compiling crc v3.3.0
   Compiling core-graphics-types v0.2.0
   Compiling webpki-roots v0.26.11
   Compiling png v0.17.16
   Compiling tracing v0.1.41
   Compiling tokio-stream v0.1.17
   Compiling chrono v0.4.41
   Compiling tauri v2.7.0
   Compiling crossbeam-queue v0.3.12
   Compiling futures-intrusive v0.5.0
   Compiling crossbeam-channel v0.5.15
   Compiling either v1.15.0
   Compiling hashlink v0.10.0
   Compiling spin v0.9.8
   Compiling tauri-runtime v2.7.1
   Compiling wry v0.52.1
   Compiling signal-hook v0.3.18
   Compiling flume v0.11.1
   Compiling sqlx-core v0.8.6
   Compiling objc2-web-kit v0.3.1
   Compiling ico v0.4.0
   Compiling core-graphics v0.24.0
   Compiling futures-executor v0.3.31
   Compiling atoi v2.0.0
   Compiling tauri-plugin v2.3.1
   Compiling futures-channel v0.3.31
   Compiling serde_urlencoded v0.7.1
   Compiling httparse v1.10.1
   Compiling unicode-segmentation v1.12.0
   Compiling tauri-runtime-wry v2.7.2
   Compiling dispatch v0.2.0
   Compiling tao v0.34.0
   Compiling keyboard-types v0.7.0
   Compiling sqlx-sqlite v0.8.6
   Compiling tauri-plugin-shell v2.3.0
   Compiling tauri-codegen v2.3.1
   Compiling serialize-to-javascript-impl v0.1.1
   Compiling os_pipe v1.2.2
   Compiling hex v0.4.3
   Compiling dotenvy v0.15.7
   Compiling serialize-to-javascript v0.1.1
   Compiling sqlx-macros-core v0.8.6
   Compiling sigchld v0.2.4
   Compiling tauri-macros v2.3.2
   Compiling muda v0.17.1
   Compiling window-vibrancy v0.6.0
   Compiling sha1 v0.10.6
   Compiling serde_repr v0.1.20
   Compiling pathdiff v0.2.3
   Compiling embed_plist v1.2.2
   Compiling data-encoding v2.9.0
   Compiling overload v0.1.1
   Compiling mime v0.3.17
   Compiling tungstenite v0.24.0
   Compiling nu-ansi-term v0.46.0
   Compiling open v5.3.2
   Compiling sqlx-macros v0.8.6
   Compiling shared_child v1.1.1
   Compiling dirs-sys v0.4.1
   Compiling sharded-slab v0.1.7
   Compiling tracing-log v0.2.0
   Compiling agent-hud-v4 v4.0.0 (/Users/shahin/Desktop/Projects/cc_quant/agent-hud-v4/src-tauri)
   Compiling encoding_rs v0.8.35
   Compiling thread_local v1.1.9
   Compiling tracing-subscriber v0.3.19
   Compiling dirs v5.0.1
   Compiling tokio-tungstenite v0.24.0
   Compiling sqlx v0.8.6
warning: unused import: `std::path::PathBuf`
 --> src/database.rs:2:5
  |
2 | use std::path::PathBuf;
  |     ^^^^^^^^^^^^^^^^^^
  |
  = note: `#[warn(unused_imports)]` on by default

warning: unused variable: `app`
   --> src/main.rs:177:17
    |
177 |         .setup(|app| {
    |                 ^^^ help: if this is intentional, prefix it with an underscore: `_app`
    |
    = note: `#[warn(unused_variables)]` on by default

warning: field `id` is never read
  --> src/websocket_server.rs:22:5
   |
21 | struct ClientConnection {
   |        ---------------- field in this struct
22 |     id: String,
   |     ^^
   |
   = note: `#[warn(dead_code)]` on by default

warning: struct `AgentProtocol` is never constructed
 --> src/agent_protocol.rs:5:12
  |
5 | pub struct AgentProtocol;
  |            ^^^^^^^^^^^^^

warning: associated functions `validate_message`, `create_agent_update_message`, `create_human_request_message`, and `create_response_acknowledgment` are never used
  --> src/agent_protocol.rs:8:12
   |
7  | impl AgentProtocol {
   | ------------------ associated functions in this implementation
8  |     pub fn validate_message(message: &str) -> Result<ProtocolMessage, ProtocolError> {
   |            ^^^^^^^^^^^^^^^^
...
24 |     pub fn create_agent_update_message(agent_message: &AgentMessage) -> Result<String, ProtocolError> {
   |            ^^^^^^^^^^^^^^^^^^^^^^^^^^^
...
35 |     pub fn create_human_request_message(request: &HumanInputRequest) -> Result<String, ProtocolError> {
   |            ^^^^^^^^^^^^^^^^^^^^^^^^^^^^
...
46 |     pub fn create_response_acknowledgment(response: &HumanResponse) -> Result<String, ProtocolError> {
   |            ^^^^^^^^^^^^^^^^^^^^^^^^^^^^^^

warning: variants `InvalidJson`, `MissingField`, `UnknownMessageType`, and `SerializationError` are never constructed
  --> src/agent_protocol.rs:71:5
   |
69 | pub enum ProtocolError {
   |          ------------- variants in this enum
70 |     #[error("Invalid JSON: {0}")]
71 |     InvalidJson(String),
   |     ^^^^^^^^^^^
...
74 |     MissingField(String),
   |     ^^^^^^^^^^^^
...
77 |     UnknownMessageType(String),
   |     ^^^^^^^^^^^^^^^^^^
...
80 |     SerializationError(String),
   |     ^^^^^^^^^^^^^^^^^^
   |
   = note: `ProtocolError` has a derived impl for the trait `Debug`, but this is intentionally ignored during dead code analysis

warning: `agent-hud-v4` (bin "agent-hud-v4") generated 6 warnings (run `cargo fix --bin "agent-hud-v4"` to apply 1 suggestion)
    Finished `release` profile [optimized] target(s) in 1m 31s
